{"contentLength":"26","level":"info","message":"HTTP GET /api/v1/ads/active?platform=WEB returned status 200","method":"GET","responseTimeMs":"49.569","status":"200","timestamp":"2026-07-01 00:41:45","traceId":"265a7a46-3a72-4e46-a6be-89b4f38c0e9f","url":"/api/v1/ads/active?platform=WEB"}
{"contentLength":"26","level":"info","message":"HTTP GET /api/v1/ads/active?platform=WEB returned status 200","method":"GET","responseTimeMs":"78.147","status":"200","timestamp":"2026-07-01 00:41:46","traceId":"36765a1e-f268-492b-8db9-db78c5621b56","url":"/api/v1/ads/active?platform=WEB"}
{"level":"info","message":"HTTP GET /api/v1/ads/active?platform=WEB returned status 304","method":"GET","responseTimeMs":"265.887","status":"304","timestamp":"2026-07-01 00:41:46","traceId":"82d94517-a7a0-4fa7-8b0e-130fa4744399","url":"/api/v1/ads/active?platform=WEB"}
{"level":"info","message":"HTTP GET /api/v1/ads/active?platform=WEB returned status 304","method":"GET","responseTimeMs":"311.353","status":"304","timestamp":"2026-07-01 00:41:46","traceId":"54656ac3-e73c-40a6-8a21-3a41cabf88d2","url":"/api/v1/ads/active?platform=WEB"}
{"level":"info","message":"HTTP GET /api/v1/ads/active?platform=WEB returned status 304","method":"GET","responseTimeMs":"787.924","status":"304","timestamp":"2026-07-01 00:41:47","traceId":"408f1220-8290-40f2-945c-fc31b8b5082c","url":"/api/v1/ads/active?platform=WEB"}
{"level":"info","message":"HTTP GET /api/v1/jobs?limit=6&status=open returned status 200","method":"GET","responseTimeMs":"1310.924","status":"200","timestamp":"2026-07-01 00:41:47","traceId":"fd7b1845-f517-4ce9-9b84-82fe5ed21c74","url":"/api/v1/jobs?limit=6&status=open"}
{"level":"info","message":"HTTP GET /api/v1/ads/active?platform=WEB returned status 304","method":"GET","responseTimeMs":"356.637","status":"304","timestamp":"2026-07-01 00:41:47","traceId":"ce524b41-1cd0-4c33-972e-763194d7a70d","url":"/api/v1/ads/active?platform=WEB"}
{"contentLength":"88","level":"info","message":"HTTP GET /api/v1/jobs/stats returned status 200","method":"GET","responseTimeMs":"1595.320","status":"200","timestamp":"2026-07-01 00:41:47","traceId":"78f1809a-5f98-4a7f-b710-05c723dc0a0d","url":"/api/v1/jobs/stats"}
{"level":"info","message":"HTTP GET /api/v1/ads/active?platform=WEB returned status 304","method":"GET","responseTimeMs":"45.488","status":"304","timestamp":"2026-07-01 00:41:47","traceId":"26b22340-7381-49f7-8b1e-51f7f07e8e14","url":"/api/v1/ads/active?platform=WEB"}
{"contentLength":"88","level":"info","message":"HTTP GET /api/v1/jobs/stats returned status 200","method":"GET","responseTimeMs":"1598.317","status":"200","timestamp":"2026-07-01 00:41:47","traceId":"daff126d-40dc-462a-9c94-8994530afd1d","url":"/api/v1/jobs/stats"}
{"level":"info","message":"HTTP GET /api/v1/ads/active?platform=WEB returned status 304","method":"GET","responseTimeMs":"54.759","status":"304","timestamp":"2026-07-01 00:41:47","traceId":"786787a0-4027-4521-a3e5-6063842c8245","url":"/api/v1/ads/active?platform=WEB"}
{"level":"info","message":"HTTP GET /api/v1/jobs?limit=6&status=open returned status 200","method":"GET","responseTimeMs":"1667.001","status":"200","timestamp":"2026-07-01 00:41:47","traceId":"a38262ce-bf12-4a5f-9ed5-b46d4f9bd4c4","url":"/api/v1/jobs?limit=6&status=open"}
{"level":"info","message":"HTTP GET /api/v1/jobs/stats returned status 304","method":"GET","responseTimeMs":"1121.568","status":"304","timestamp":"2026-07-01 00:41:48","traceId":"b5d1ae6d-b5fe-4324-910f-871617ff9f18","url":"/api/v1/jobs/stats"}
{"level":"info","message":"HTTP GET /api/v1/jobs?limit=6&status=open returned status 304","method":"GET","responseTimeMs":"1405.966","status":"304","timestamp":"2026-07-01 00:41:48","traceId":"c41fc905-ad96-4665-8614-93ff2f5456c0","url":"/api/v1/jobs?limit=6&status=open"}
{"level":"info","message":"HTTP GET /api/v1/jobs/stats returned status 304","method":"GET","responseTimeMs":"456.503","status":"304","timestamp":"2026-07-01 00:41:49","traceId":"6693a4dd-7726-4638-ac7f-5d0824c24835","url":"/api/v1/jobs/stats"}
{"level":"info","message":"HTTP GET /api/v1/jobs?limit=6&status=open returned status 304","method":"GET","responseTimeMs":"594.428","status":"304","timestamp":"2026-07-01 00:41:49","traceId":"b36aa5ac-3285-45c1-9548-9dbbb5a229d4","url":"/api/v1/jobs?limit=6&status=open"}
{"level":"info","message":"HTTP GET /api/v1/jobs?limit=6&status=open returned status 304","method":"GET","responseTimeMs":"3564.823","status":"304","timestamp":"2026-07-01 02:37:59","traceId":"7aa12763-f2cd-4b86-907b-e5db489dcb26","url":"/api/v1/jobs?limit=6&status=open"}
{"level":"info","message":"HTTP GET /api/v1/jobs/stats returned status 304","method":"GET","responseTimeMs":"3612.534","status":"304","timestamp":"2026-07-01 02:37:59","traceId":"2fb7cc32-db79-41cb-af57-536d6d0d3f57","url":"/api/v1/jobs/stats"}
{"level":"info","message":"HTTP GET /api/v1/jobs/stats returned status 304","method":"GET","responseTimeMs":"3618.742","status":"304","timestamp":"2026-07-01 02:37:59","traceId":"5f0acc2a-5753-4c81-a854-da5f8d822976","url":"/api/v1/jobs/stats"}
{"level":"info","message":"HTTP GET /api/v1/jobs/stats returned status 304","method":"GET","responseTimeMs":"246.308","status":"304","timestamp":"2026-07-01 02:37:59","traceId":"4cb149cd-6800-4cea-8328-7d0b7d31ffd5","url":"/api/v1/jobs/stats"}
{"level":"info","message":"HTTP GET /api/v1/jobs?limit=6&status=open returned status 304","method":"GET","responseTimeMs":"3872.515","status":"304","timestamp":"2026-07-01 02:37:59","traceId":"124a0506-6068-47b9-a5de-0e5b651ae48f","url":"/api/v1/jobs?limit=6&status=open"}
{"level":"info","message":"HTTP GET /api/v1/jobs/stats returned status 304","method":"GET","responseTimeMs":"392.675","status":"304","timestamp":"2026-07-01 02:38:00","traceId":"111d3f7b-cdc1-4b94-b895-d49b4959a934","url":"/api/v1/jobs/stats"}
{"level":"info","message":"HTTP GET /api/v1/jobs?limit=6&status=open returned status 304","method":"GET","responseTimeMs":"559.694","status":"304","timestamp":"2026-07-01 02:38:00","traceId":"8436ebc2-319a-469b-8826-97372226e873","url":"/api/v1/jobs?limit=6&status=open"}
{"level":"info","message":"HTTP GET /api/v1/jobs?limit=6&status=open returned status 304","method":"GET","responseTimeMs":"448.415","status":"304","timestamp":"2026-07-01 02:38:00","traceId":"30f5591a-a551-48a3-b9d1-3eb5a17f9536","url":"/api/v1/jobs?limit=6&status=open"}
{"level":"info","message":"HTTP GET /api/v1/ads/active?platform=WEB returned status 304","method":"GET","responseTimeMs":"60.886","status":"304","timestamp":"2026-07-01 02:45:32","traceId":"0b1ca283-3329-45b2-8a6e-d851c49d2fed","url":"/api/v1/ads/active?platform=WEB"}
{"level":"info","message":"HTTP GET /api/v1/ads/active?platform=WEB returned status 304","method":"GET","responseTimeMs":"63.527","status":"304","timestamp":"2026-07-01 02:45:32","traceId":"0e5e98eb-865f-4253-96b9-5da50efc39bc","url":"/api/v1/ads/active?platform=WEB"}
{"level":"info","message":"HTTP GET /api/v1/ads/active?platform=WEB returned status 304","method":"GET","responseTimeMs":"46.398","status":"304","timestamp":"2026-07-01 02:45:32","traceId":"4c28a926-e626-4a0b-a032-4eeae497b48d","url":"/api/v1/ads/active?platform=WEB"}
{"level":"info","message":"HTTP GET /api/v1/ads/active?platform=WEB returned status 304","method":"GET","responseTimeMs":"46.620","status":"304","timestamp":"2026-07-01 02:45:32","traceId":"83feccaf-4e76-47be-b390-1cd88b82f901","url":"/api/v1/ads/active?platform=WEB"}
{"level":"info","message":"HTTP GET /api/v1/jobs?limit=6&status=open returned status 304","method":"GET","responseTimeMs":"388.441","status":"304","timestamp":"2026-07-01 02:45:32","traceId":"5f4b051c-9af0-4715-a927-f14dff68c326","url":"/api/v1/jobs?limit=6&status=open"}
{"level":"info","message":"HTTP GET /api/v1/ads/active?platform=WEB returned status 304","method":"GET","responseTimeMs":"289.626","status":"304","timestamp":"2026-07-01 02:45:32","traceId":"c3f9b2f4-3005-45f3-b0fc-89cecc7ffbeb","url":"/api/v1/ads/active?platform=WEB"}
{"level":"info","message":"HTTP GET /api/v1/jobs/stats returned status 304","method":"GET","responseTimeMs":"423.002","status":"304","timestamp":"2026-07-01 02:45:32","traceId":"1c30ef4d-b81a-4707-a59f-425bc9e6a4c6","url":"/api/v1/jobs/stats"}
{"level":"info","message":"HTTP GET /api/v1/jobs/stats returned status 304","method":"GET","responseTimeMs":"413.082","status":"304","timestamp":"2026-07-01 02:45:32","traceId":"ee95949c-8d53-419f-b959-45592226f4bf","url":"/api/v1/jobs/stats"}
{"level":"info","message":"HTTP GET /api/v1/ads/active?platform=WEB returned status 304","method":"GET","responseTimeMs":"45.001","status":"304","timestamp":"2026-07-01 02:45:32","traceId":"d668e0f1-3479-4a6c-b589-ef6eb18c1ed5","url":"/api/v1/ads/active?platform=WEB"}
{"level":"info","message":"HTTP GET /api/v1/jobs?limit=6&status=open returned status 304","method":"GET","responseTimeMs":"492.673","status":"304","timestamp":"2026-07-01 02:45:32","traceId":"d959c257-2032-4de2-896d-4bd865900482","url":"/api/v1/jobs?limit=6&status=open"}
{"level":"info","message":"HTTP GET /api/v1/ads/active?platform=WEB returned status 304","method":"GET","responseTimeMs":"594.118","status":"304","timestamp":"2026-07-01 02:45:33","traceId":"99ccbfbd-a8de-47a6-8c1b-58f236e3e6bb","url":"/api/v1/ads/active?platform=WEB"}
{"level":"info","message":"HTTP GET /api/v1/ads/active?platform=WEB returned status 304","method":"GET","responseTimeMs":"140.077","status":"304","timestamp":"2026-07-01 02:45:33","traceId":"6d4a9aba-6319-4c67-aa00-830bb637b4d8","url":"/api/v1/ads/active?platform=WEB"}
{"level":"info","message":"HTTP GET /api/v1/jobs/stats returned status 304","method":"GET","responseTimeMs":"830.671","status":"304","timestamp":"2026-07-01 02:45:33","traceId":"35120306-b29e-4ba4-accc-9dbe02b25a3d","url":"/api/v1/jobs/stats"}
{"level":"info","message":"HTTP GET /api/v1/jobs?limit=6&status=open returned status 304","method":"GET","responseTimeMs":"847.776","status":"304","timestamp":"2026-07-01 02:45:33","traceId":"a58d84b6-9531-41b1-89e8-2c5bccbda108","url":"/api/v1/jobs?limit=6&status=open"}
{"level":"info","message":"HTTP GET /api/v1/jobs/stats returned status 304","method":"GET","responseTimeMs":"291.414","status":"304","timestamp":"2026-07-01 02:45:33","traceId":"ff3b4af3-8334-499e-bf8b-08bdbb465598","url":"/api/v1/jobs/stats"}
{"level":"info","message":"HTTP GET /api/v1/jobs?limit=6&status=open returned status 304","method":"GET","responseTimeMs":"431.052","status":"304","timestamp":"2026-07-01 02:45:33","traceId":"d959b01c-af81-48a7-bb47-eb0dff633058","url":"/api/v1/jobs?limit=6&status=open"}
